C:\Program Files\Microsoft Visual Studio\2022\Community\MSBuild\Microsoft\VC\v170\Microsoft.CppBuild.targets(516,5): warning MSB8004: El directorio Intermediate no termina con una barra diagonal final. Esta instancia de compilación agregará la barra diagonal porque es necesaria para que se pueda evaluar correctamente el directorio Intermediate.
C:\Program Files\Microsoft Visual Studio\2022\Community\MSBuild\Microsoft\VC\v170\Microsoft.CppBuild.targets(517,5): warning MSB8004: El directorio Output no termina con una barra diagonal final. Esta instancia de compilación agregará la barra diagonal porque es necesaria para que se pueda evaluar correctamente el directorio Output.
C:\Program Files\Microsoft Visual Studio\2022\Community\MSBuild\Microsoft\VC\v170\Microsoft.CppBuild.targets(531,5): warning MSB8028: El directorio intermedio (C:\Users\Leonardo\Desktop\2doParcial_LeonardoBrizuela\obj\Win32\Debug\) contiene archivos compartidos de otro proyecto (Game.vcxproj). Esto puede dar lugar a un comportamiento incorrecto de limpieza y recompilación.
  Animation.cpp
C:\Users\Leonardo\Desktop\2doParcial_LeonardoBrizuela\GraphicsEngine\Animation.h(16,21): warning C4251: 'Animation::myFrames': class 'std::vector<Frame,std::allocator<Frame>>' necesita tener una interfaz DLL para que la utilicen los clientes de class 'Animation'
C:\Users\Leonardo\Desktop\2doParcial_LeonardoBrizuela\GraphicsEngine\Animation.h(16,7): message : vea la declaración de 'std::vector<Frame,std::allocator<Frame>>'
  BaseGame.cpp
C:\Users\Leonardo\Desktop\2doParcial_LeonardoBrizuela\GraphicsEngine\renderer.h(42,12): warning C4251: 'Renderer::projection': struct 'glm::mat<4,4,glm::f32,glm::packed_highp>' necesita tener una interfaz DLL para que la utilicen los clientes de class 'Renderer'
C:\Users\Leonardo\Desktop\2doParcial_LeonardoBrizuela\libs\glm\glm\fwd.hpp(520,10): message : vea la declaración de 'glm::mat<4,4,glm::f32,glm::packed_highp>'
C:\Users\Leonardo\Desktop\2doParcial_LeonardoBrizuela\GraphicsEngine\renderer.h(43,12): warning C4251: 'Renderer::view': struct 'glm::mat<4,4,glm::f32,glm::packed_highp>' necesita tener una interfaz DLL para que la utilicen los clientes de class 'Renderer'
C:\Users\Leonardo\Desktop\2doParcial_LeonardoBrizuela\libs\glm\glm\fwd.hpp(520,10): message : vea la declaración de 'glm::mat<4,4,glm::f32,glm::packed_highp>'
C:\Users\Leonardo\Desktop\2doParcial_LeonardoBrizuela\GraphicsEngine\renderer.h(44,12): warning C4251: 'Renderer::cameraPos': struct 'glm::vec<3,float,glm::packed_highp>' necesita tener una interfaz DLL para que la utilicen los clientes de class 'Renderer'
C:\Users\Leonardo\Desktop\2doParcial_LeonardoBrizuela\libs\glm\glm\fwd.hpp(420,10): message : vea la declaración de 'glm::vec<3,float,glm::packed_highp>'
C:\Users\Leonardo\Desktop\2doParcial_LeonardoBrizuela\GraphicsEngine\renderer.h(45,12): warning C4251: 'Renderer::cameraFront': struct 'glm::vec<3,float,glm::packed_highp>' necesita tener una interfaz DLL para que la utilicen los clientes de class 'Renderer'
C:\Users\Leonardo\Desktop\2doParcial_LeonardoBrizuela\libs\glm\glm\fwd.hpp(420,10): message : vea la declaración de 'glm::vec<3,float,glm::packed_highp>'
C:\Users\Leonardo\Desktop\2doParcial_LeonardoBrizuela\GraphicsEngine\renderer.h(46,12): warning C4251: 'Renderer::cameraUp': struct 'glm::vec<3,float,glm::packed_highp>' necesita tener una interfaz DLL para que la utilicen los clientes de class 'Renderer'
C:\Users\Leonardo\Desktop\2doParcial_LeonardoBrizuela\libs\glm\glm\fwd.hpp(420,10): message : vea la declaración de 'glm::vec<3,float,glm::packed_highp>'
C:\Users\Leonardo\Desktop\2doParcial_LeonardoBrizuela\GraphicsEngine\Entity.h(15,12): warning C4251: 'Entity::model': struct 'glm::mat<4,4,glm::f32,glm::packed_highp>' necesita tener una interfaz DLL para que la utilicen los clientes de class 'Entity'
C:\Users\Leonardo\Desktop\2doParcial_LeonardoBrizuela\libs\glm\glm\fwd.hpp(520,10): message : vea la declaración de 'glm::mat<4,4,glm::f32,glm::packed_highp>'
C:\Users\Leonardo\Desktop\2doParcial_LeonardoBrizuela\GraphicsEngine\Entity.h(16,12): warning C4251: 'Entity::translate': struct 'glm::mat<4,4,glm::f32,glm::packed_highp>' necesita tener una interfaz DLL para que la utilicen los clientes de class 'Entity'
C:\Users\Leonardo\Desktop\2doParcial_LeonardoBrizuela\libs\glm\glm\fwd.hpp(520,10): message : vea la declaración de 'glm::mat<4,4,glm::f32,glm::packed_highp>'
C:\Users\Leonardo\Desktop\2doParcial_LeonardoBrizuela\GraphicsEngine\Entity.h(17,12): warning C4251: 'Entity::rotateX': struct 'glm::mat<4,4,glm::f32,glm::packed_highp>' necesita tener una interfaz DLL para que la utilicen los clientes de class 'Entity'
C:\Users\Leonardo\Desktop\2doParcial_LeonardoBrizuela\libs\glm\glm\fwd.hpp(520,10): message : vea la declaración de 'glm::mat<4,4,glm::f32,glm::packed_highp>'
C:\Users\Leonardo\Desktop\2doParcial_LeonardoBrizuela\GraphicsEngine\Entity.h(18,12): warning C4251: 'Entity::rotateY': struct 'glm::mat<4,4,glm::f32,glm::packed_highp>' necesita tener una interfaz DLL para que la utilicen los clientes de class 'Entity'
C:\Users\Leonardo\Desktop\2doParcial_LeonardoBrizuela\libs\glm\glm\fwd.hpp(520,10): message : vea la declaración de 'glm::mat<4,4,glm::f32,glm::packed_highp>'
C:\Users\Leonardo\Desktop\2doParcial_LeonardoBrizuela\GraphicsEngine\Entity.h(19,12): warning C4251: 'Entity::rotateZ': struct 'glm::mat<4,4,glm::f32,glm::packed_highp>' necesita tener una interfaz DLL para que la utilicen los clientes de class 'Entity'
C:\Users\Leonardo\Desktop\2doParcial_LeonardoBrizuela\libs\glm\glm\fwd.hpp(520,10): message : vea la declaración de 'glm::mat<4,4,glm::f32,glm::packed_highp>'
C:\Users\Leonardo\Desktop\2doParcial_LeonardoBrizuela\GraphicsEngine\Entity.h(20,12): warning C4251: 'Entity::scale': struct 'glm::mat<4,4,glm::f32,glm::packed_highp>' necesita tener una interfaz DLL para que la utilicen los clientes de class 'Entity'
C:\Users\Leonardo\Desktop\2doParcial_LeonardoBrizuela\libs\glm\glm\fwd.hpp(520,10): message : vea la declaración de 'glm::mat<4,4,glm::f32,glm::packed_highp>'
C:\Users\Leonardo\Desktop\2doParcial_LeonardoBrizuela\GraphicsEngine\Entity.h(22,12): warning C4251: 'Entity::position': struct 'glm::vec<3,float,glm::packed_highp>' necesita tener una interfaz DLL para que la utilicen los clientes de class 'Entity'
C:\Users\Leonardo\Desktop\2doParcial_LeonardoBrizuela\libs\glm\glm\fwd.hpp(420,10): message : vea la declaración de 'glm::vec<3,float,glm::packed_highp>'
C:\Users\Leonardo\Desktop\2doParcial_LeonardoBrizuela\GraphicsEngine\Entity.h(23,12): warning C4251: 'Entity::rotation': struct 'glm::vec<3,float,glm::packed_highp>' necesita tener una interfaz DLL para que la utilicen los clientes de class 'Entity'
C:\Users\Leonardo\Desktop\2doParcial_LeonardoBrizuela\libs\glm\glm\fwd.hpp(420,10): message : vea la declaración de 'glm::vec<3,float,glm::packed_highp>'
C:\Users\Leonardo\Desktop\2doParcial_LeonardoBrizuela\GraphicsEngine\Entity.h(24,12): warning C4251: 'Entity::localScale': struct 'glm::vec<3,float,glm::packed_highp>' necesita tener una interfaz DLL para que la utilicen los clientes de class 'Entity'
C:\Users\Leonardo\Desktop\2doParcial_LeonardoBrizuela\libs\glm\glm\fwd.hpp(420,10): message : vea la declaración de 'glm::vec<3,float,glm::packed_highp>'
C:\Users\Leonardo\Desktop\2doParcial_LeonardoBrizuela\GraphicsEngine\Entity.h(26,12): warning C4251: 'Entity::lastPosition': struct 'glm::vec<3,float,glm::packed_highp>' necesita tener una interfaz DLL para que la utilicen los clientes de class 'Entity'
C:\Users\Leonardo\Desktop\2doParcial_LeonardoBrizuela\libs\glm\glm\fwd.hpp(420,10): message : vea la declaración de 'glm::vec<3,float,glm::packed_highp>'
C:\Users\Leonardo\Desktop\2doParcial_LeonardoBrizuela\GraphicsEngine\Animation.h(16,21): warning C4251: 'Animation::myFrames': class 'std::vector<Frame,std::allocator<Frame>>' necesita tener una interfaz DLL para que la utilicen los clientes de class 'Animation'
C:\Users\Leonardo\Desktop\2doParcial_LeonardoBrizuela\GraphicsEngine\Animation.h(16,7): message : vea la declaración de 'std::vector<Frame,std::allocator<Frame>>'
C:\Users\Leonardo\Desktop\2doParcial_LeonardoBrizuela\GraphicsEngine\Keycode.h(21,1): warning C4005: 'KEYCODE_H': redefinición de macro
C:\Users\Leonardo\Desktop\2doParcial_LeonardoBrizuela\GraphicsEngine\Keycode.h(2,1): message : vea la definición anterior de 'KEYCODE_H'
  Entity.cpp
C:\Users\Leonardo\Desktop\2doParcial_LeonardoBrizuela\GraphicsEngine\renderer.h(42,12): warning C4251: 'Renderer::projection': struct 'glm::mat<4,4,glm::f32,glm::packed_highp>' necesita tener una interfaz DLL para que la utilicen los clientes de class 'Renderer'
C:\Users\Leonardo\Desktop\2doParcial_LeonardoBrizuela\libs\glm\glm\fwd.hpp(520,10): message : vea la declaración de 'glm::mat<4,4,glm::f32,glm::packed_highp>'
C:\Users\Leonardo\Desktop\2doParcial_LeonardoBrizuela\GraphicsEngine\renderer.h(43,12): warning C4251: 'Renderer::view': struct 'glm::mat<4,4,glm::f32,glm::packed_highp>' necesita tener una interfaz DLL para que la utilicen los clientes de class 'Renderer'
C:\Users\Leonardo\Desktop\2doParcial_LeonardoBrizuela\libs\glm\glm\fwd.hpp(520,10): message : vea la declaración de 'glm::mat<4,4,glm::f32,glm::packed_highp>'
C:\Users\Leonardo\Desktop\2doParcial_LeonardoBrizuela\GraphicsEngine\renderer.h(44,12): warning C4251: 'Renderer::cameraPos': struct 'glm::vec<3,float,glm::packed_highp>' necesita tener una interfaz DLL para que la utilicen los clientes de class 'Renderer'
C:\Users\Leonardo\Desktop\2doParcial_LeonardoBrizuela\libs\glm\glm\fwd.hpp(420,10): message : vea la declaración de 'glm::vec<3,float,glm::packed_highp>'
C:\Users\Leonardo\Desktop\2doParcial_LeonardoBrizuela\GraphicsEngine\renderer.h(45,12): warning C4251: 'Renderer::cameraFront': struct 'glm::vec<3,float,glm::packed_highp>' necesita tener una interfaz DLL para que la utilicen los clientes de class 'Renderer'
C:\Users\Leonardo\Desktop\2doParcial_LeonardoBrizuela\libs\glm\glm\fwd.hpp(420,10): message : vea la declaración de 'glm::vec<3,float,glm::packed_highp>'
C:\Users\Leonardo\Desktop\2doParcial_LeonardoBrizuela\GraphicsEngine\renderer.h(46,12): warning C4251: 'Renderer::cameraUp': struct 'glm::vec<3,float,glm::packed_highp>' necesita tener una interfaz DLL para que la utilicen los clientes de class 'Renderer'
C:\Users\Leonardo\Desktop\2doParcial_LeonardoBrizuela\libs\glm\glm\fwd.hpp(420,10): message : vea la declaración de 'glm::vec<3,float,glm::packed_highp>'
C:\Users\Leonardo\Desktop\2doParcial_LeonardoBrizuela\GraphicsEngine\Entity.h(15,12): warning C4251: 'Entity::model': struct 'glm::mat<4,4,glm::f32,glm::packed_highp>' necesita tener una interfaz DLL para que la utilicen los clientes de class 'Entity'
C:\Users\Leonardo\Desktop\2doParcial_LeonardoBrizuela\libs\glm\glm\fwd.hpp(520,10): message : vea la declaración de 'glm::mat<4,4,glm::f32,glm::packed_highp>'
C:\Users\Leonardo\Desktop\2doParcial_LeonardoBrizuela\GraphicsEngine\Entity.h(16,12): warning C4251: 'Entity::translate': struct 'glm::mat<4,4,glm::f32,glm::packed_highp>' necesita tener una interfaz DLL para que la utilicen los clientes de class 'Entity'
C:\Users\Leonardo\Desktop\2doParcial_LeonardoBrizuela\libs\glm\glm\fwd.hpp(520,10): message : vea la declaración de 'glm::mat<4,4,glm::f32,glm::packed_highp>'
C:\Users\Leonardo\Desktop\2doParcial_LeonardoBrizuela\GraphicsEngine\Entity.h(17,12): warning C4251: 'Entity::rotateX': struct 'glm::mat<4,4,glm::f32,glm::packed_highp>' necesita tener una interfaz DLL para que la utilicen los clientes de class 'Entity'
C:\Users\Leonardo\Desktop\2doParcial_LeonardoBrizuela\libs\glm\glm\fwd.hpp(520,10): message : vea la declaración de 'glm::mat<4,4,glm::f32,glm::packed_highp>'
C:\Users\Leonardo\Desktop\2doParcial_LeonardoBrizuela\GraphicsEngine\Entity.h(18,12): warning C4251: 'Entity::rotateY': struct 'glm::mat<4,4,glm::f32,glm::packed_highp>' necesita tener una interfaz DLL para que la utilicen los clientes de class 'Entity'
C:\Users\Leonardo\Desktop\2doParcial_LeonardoBrizuela\libs\glm\glm\fwd.hpp(520,10): message : vea la declaración de 'glm::mat<4,4,glm::f32,glm::packed_highp>'
C:\Users\Leonardo\Desktop\2doParcial_LeonardoBrizuela\GraphicsEngine\Entity.h(19,12): warning C4251: 'Entity::rotateZ': struct 'glm::mat<4,4,glm::f32,glm::packed_highp>' necesita tener una interfaz DLL para que la utilicen los clientes de class 'Entity'
C:\Users\Leonardo\Desktop\2doParcial_LeonardoBrizuela\libs\glm\glm\fwd.hpp(520,10): message : vea la declaración de 'glm::mat<4,4,glm::f32,glm::packed_highp>'
C:\Users\Leonardo\Desktop\2doParcial_LeonardoBrizuela\GraphicsEngine\Entity.h(20,12): warning C4251: 'Entity::scale': struct 'glm::mat<4,4,glm::f32,glm::packed_highp>' necesita tener una interfaz DLL para que la utilicen los clientes de class 'Entity'
C:\Users\Leonardo\Desktop\2doParcial_LeonardoBrizuela\libs\glm\glm\fwd.hpp(520,10): message : vea la declaración de 'glm::mat<4,4,glm::f32,glm::packed_highp>'
C:\Users\Leonardo\Desktop\2doParcial_LeonardoBrizuela\GraphicsEngine\Entity.h(22,12): warning C4251: 'Entity::position': struct 'glm::vec<3,float,glm::packed_highp>' necesita tener una interfaz DLL para que la utilicen los clientes de class 'Entity'
C:\Users\Leonardo\Desktop\2doParcial_LeonardoBrizuela\libs\glm\glm\fwd.hpp(420,10): message : vea la declaración de 'glm::vec<3,float,glm::packed_highp>'
C:\Users\Leonardo\Desktop\2doParcial_LeonardoBrizuela\GraphicsEngine\Entity.h(23,12): warning C4251: 'Entity::rotation': struct 'glm::vec<3,float,glm::packed_highp>' necesita tener una interfaz DLL para que la utilicen los clientes de class 'Entity'
C:\Users\Leonardo\Desktop\2doParcial_LeonardoBrizuela\libs\glm\glm\fwd.hpp(420,10): message : vea la declaración de 'glm::vec<3,float,glm::packed_highp>'
C:\Users\Leonardo\Desktop\2doParcial_LeonardoBrizuela\GraphicsEngine\Entity.h(24,12): warning C4251: 'Entity::localScale': struct 'glm::vec<3,float,glm::packed_highp>' necesita tener una interfaz DLL para que la utilicen los clientes de class 'Entity'
C:\Users\Leonardo\Desktop\2doParcial_LeonardoBrizuela\libs\glm\glm\fwd.hpp(420,10): message : vea la declaración de 'glm::vec<3,float,glm::packed_highp>'
C:\Users\Leonardo\Desktop\2doParcial_LeonardoBrizuela\GraphicsEngine\Entity.h(26,12): warning C4251: 'Entity::lastPosition': struct 'glm::vec<3,float,glm::packed_highp>' necesita tener una interfaz DLL para que la utilicen los clientes de class 'Entity'
C:\Users\Leonardo\Desktop\2doParcial_LeonardoBrizuela\libs\glm\glm\fwd.hpp(420,10): message : vea la declaración de 'glm::vec<3,float,glm::packed_highp>'
  Entity2D.cpp
C:\Users\Leonardo\Desktop\2doParcial_LeonardoBrizuela\GraphicsEngine\renderer.h(42,12): warning C4251: 'Renderer::projection': struct 'glm::mat<4,4,glm::f32,glm::packed_highp>' necesita tener una interfaz DLL para que la utilicen los clientes de class 'Renderer'
C:\Users\Leonardo\Desktop\2doParcial_LeonardoBrizuela\libs\glm\glm\fwd.hpp(520,10): message : vea la declaración de 'glm::mat<4,4,glm::f32,glm::packed_highp>'
C:\Users\Leonardo\Desktop\2doParcial_LeonardoBrizuela\GraphicsEngine\renderer.h(43,12): warning C4251: 'Renderer::view': struct 'glm::mat<4,4,glm::f32,glm::packed_highp>' necesita tener una interfaz DLL para que la utilicen los clientes de class 'Renderer'
C:\Users\Leonardo\Desktop\2doParcial_LeonardoBrizuela\libs\glm\glm\fwd.hpp(520,10): message : vea la declaración de 'glm::mat<4,4,glm::f32,glm::packed_highp>'
C:\Users\Leonardo\Desktop\2doParcial_LeonardoBrizuela\GraphicsEngine\renderer.h(44,12): warning C4251: 'Renderer::cameraPos': struct 'glm::vec<3,float,glm::packed_highp>' necesita tener una interfaz DLL para que la utilicen los clientes de class 'Renderer'
C:\Users\Leonardo\Desktop\2doParcial_LeonardoBrizuela\libs\glm\glm\fwd.hpp(420,10): message : vea la declaración de 'glm::vec<3,float,glm::packed_highp>'
C:\Users\Leonardo\Desktop\2doParcial_LeonardoBrizuela\GraphicsEngine\renderer.h(45,12): warning C4251: 'Renderer::cameraFront': struct 'glm::vec<3,float,glm::packed_highp>' necesita tener una interfaz DLL para que la utilicen los clientes de class 'Renderer'
C:\Users\Leonardo\Desktop\2doParcial_LeonardoBrizuela\libs\glm\glm\fwd.hpp(420,10): message : vea la declaración de 'glm::vec<3,float,glm::packed_highp>'
C:\Users\Leonardo\Desktop\2doParcial_LeonardoBrizuela\GraphicsEngine\renderer.h(46,12): warning C4251: 'Renderer::cameraUp': struct 'glm::vec<3,float,glm::packed_highp>' necesita tener una interfaz DLL para que la utilicen los clientes de class 'Renderer'
C:\Users\Leonardo\Desktop\2doParcial_LeonardoBrizuela\libs\glm\glm\fwd.hpp(420,10): message : vea la declaración de 'glm::vec<3,float,glm::packed_highp>'
C:\Users\Leonardo\Desktop\2doParcial_LeonardoBrizuela\GraphicsEngine\Entity.h(15,12): warning C4251: 'Entity::model': struct 'glm::mat<4,4,glm::f32,glm::packed_highp>' necesita tener una interfaz DLL para que la utilicen los clientes de class 'Entity'
C:\Users\Leonardo\Desktop\2doParcial_LeonardoBrizuela\libs\glm\glm\fwd.hpp(520,10): message : vea la declaración de 'glm::mat<4,4,glm::f32,glm::packed_highp>'
C:\Users\Leonardo\Desktop\2doParcial_LeonardoBrizuela\GraphicsEngine\Entity.h(16,12): warning C4251: 'Entity::translate': struct 'glm::mat<4,4,glm::f32,glm::packed_highp>' necesita tener una interfaz DLL para que la utilicen los clientes de class 'Entity'
C:\Users\Leonardo\Desktop\2doParcial_LeonardoBrizuela\libs\glm\glm\fwd.hpp(520,10): message : vea la declaración de 'glm::mat<4,4,glm::f32,glm::packed_highp>'
C:\Users\Leonardo\Desktop\2doParcial_LeonardoBrizuela\GraphicsEngine\Entity.h(17,12): warning C4251: 'Entity::rotateX': struct 'glm::mat<4,4,glm::f32,glm::packed_highp>' necesita tener una interfaz DLL para que la utilicen los clientes de class 'Entity'
C:\Users\Leonardo\Desktop\2doParcial_LeonardoBrizuela\libs\glm\glm\fwd.hpp(520,10): message : vea la declaración de 'glm::mat<4,4,glm::f32,glm::packed_highp>'
C:\Users\Leonardo\Desktop\2doParcial_LeonardoBrizuela\GraphicsEngine\Entity.h(18,12): warning C4251: 'Entity::rotateY': struct 'glm::mat<4,4,glm::f32,glm::packed_highp>' necesita tener una interfaz DLL para que la utilicen los clientes de class 'Entity'
C:\Users\Leonardo\Desktop\2doParcial_LeonardoBrizuela\libs\glm\glm\fwd.hpp(520,10): message : vea la declaración de 'glm::mat<4,4,glm::f32,glm::packed_highp>'
C:\Users\Leonardo\Desktop\2doParcial_LeonardoBrizuela\GraphicsEngine\Entity.h(19,12): warning C4251: 'Entity::rotateZ': struct 'glm::mat<4,4,glm::f32,glm::packed_highp>' necesita tener una interfaz DLL para que la utilicen los clientes de class 'Entity'
C:\Users\Leonardo\Desktop\2doParcial_LeonardoBrizuela\libs\glm\glm\fwd.hpp(520,10): message : vea la declaración de 'glm::mat<4,4,glm::f32,glm::packed_highp>'
C:\Users\Leonardo\Desktop\2doParcial_LeonardoBrizuela\GraphicsEngine\Entity.h(20,12): warning C4251: 'Entity::scale': struct 'glm::mat<4,4,glm::f32,glm::packed_highp>' necesita tener una interfaz DLL para que la utilicen los clientes de class 'Entity'
C:\Users\Leonardo\Desktop\2doParcial_LeonardoBrizuela\libs\glm\glm\fwd.hpp(520,10): message : vea la declaración de 'glm::mat<4,4,glm::f32,glm::packed_highp>'
C:\Users\Leonardo\Desktop\2doParcial_LeonardoBrizuela\GraphicsEngine\Entity.h(22,12): warning C4251: 'Entity::position': struct 'glm::vec<3,float,glm::packed_highp>' necesita tener una interfaz DLL para que la utilicen los clientes de class 'Entity'
C:\Users\Leonardo\Desktop\2doParcial_LeonardoBrizuela\libs\glm\glm\fwd.hpp(420,10): message : vea la declaración de 'glm::vec<3,float,glm::packed_highp>'
C:\Users\Leonardo\Desktop\2doParcial_LeonardoBrizuela\GraphicsEngine\Entity.h(23,12): warning C4251: 'Entity::rotation': struct 'glm::vec<3,float,glm::packed_highp>' necesita tener una interfaz DLL para que la utilicen los clientes de class 'Entity'
C:\Users\Leonardo\Desktop\2doParcial_LeonardoBrizuela\libs\glm\glm\fwd.hpp(420,10): message : vea la declaración de 'glm::vec<3,float,glm::packed_highp>'
C:\Users\Leonardo\Desktop\2doParcial_LeonardoBrizuela\GraphicsEngine\Entity.h(24,12): warning C4251: 'Entity::localScale': struct 'glm::vec<3,float,glm::packed_highp>' necesita tener una interfaz DLL para que la utilicen los clientes de class 'Entity'
C:\Users\Leonardo\Desktop\2doParcial_LeonardoBrizuela\libs\glm\glm\fwd.hpp(420,10): message : vea la declaración de 'glm::vec<3,float,glm::packed_highp>'
C:\Users\Leonardo\Desktop\2doParcial_LeonardoBrizuela\GraphicsEngine\Entity.h(26,12): warning C4251: 'Entity::lastPosition': struct 'glm::vec<3,float,glm::packed_highp>' necesita tener una interfaz DLL para que la utilicen los clientes de class 'Entity'
C:\Users\Leonardo\Desktop\2doParcial_LeonardoBrizuela\libs\glm\glm\fwd.hpp(420,10): message : vea la declaración de 'glm::vec<3,float,glm::packed_highp>'
  Frame.cpp
  Input.cpp
C:\Users\Leonardo\Desktop\2doParcial_LeonardoBrizuela\GraphicsEngine\Keycode.h(21,1): warning C4005: 'KEYCODE_H': redefinición de macro
C:\Users\Leonardo\Desktop\2doParcial_LeonardoBrizuela\GraphicsEngine\Keycode.h(2,1): message : vea la definición anterior de 'KEYCODE_H'
  Renderer.cpp
C:\Users\Leonardo\Desktop\2doParcial_LeonardoBrizuela\GraphicsEngine\renderer.h(42,12): warning C4251: 'Renderer::projection': struct 'glm::mat<4,4,glm::f32,glm::packed_highp>' necesita tener una interfaz DLL para que la utilicen los clientes de class 'Renderer'
C:\Users\Leonardo\Desktop\2doParcial_LeonardoBrizuela\libs\glm\glm\fwd.hpp(520,10): message : vea la declaración de 'glm::mat<4,4,glm::f32,glm::packed_highp>'
C:\Users\Leonardo\Desktop\2doParcial_LeonardoBrizuela\GraphicsEngine\renderer.h(43,12): warning C4251: 'Renderer::view': struct 'glm::mat<4,4,glm::f32,glm::packed_highp>' necesita tener una interfaz DLL para que la utilicen los clientes de class 'Renderer'
C:\Users\Leonardo\Desktop\2doParcial_LeonardoBrizuela\libs\glm\glm\fwd.hpp(520,10): message : vea la declaración de 'glm::mat<4,4,glm::f32,glm::packed_highp>'
C:\Users\Leonardo\Desktop\2doParcial_LeonardoBrizuela\GraphicsEngine\renderer.h(44,12): warning C4251: 'Renderer::cameraPos': struct 'glm::vec<3,float,glm::packed_highp>' necesita tener una interfaz DLL para que la utilicen los clientes de class 'Renderer'
C:\Users\Leonardo\Desktop\2doParcial_LeonardoBrizuela\libs\glm\glm\fwd.hpp(420,10): message : vea la declaración de 'glm::vec<3,float,glm::packed_highp>'
C:\Users\Leonardo\Desktop\2doParcial_LeonardoBrizuela\GraphicsEngine\renderer.h(45,12): warning C4251: 'Renderer::cameraFront': struct 'glm::vec<3,float,glm::packed_highp>' necesita tener una interfaz DLL para que la utilicen los clientes de class 'Renderer'
C:\Users\Leonardo\Desktop\2doParcial_LeonardoBrizuela\libs\glm\glm\fwd.hpp(420,10): message : vea la declaración de 'glm::vec<3,float,glm::packed_highp>'
C:\Users\Leonardo\Desktop\2doParcial_LeonardoBrizuela\GraphicsEngine\renderer.h(46,12): warning C4251: 'Renderer::cameraUp': struct 'glm::vec<3,float,glm::packed_highp>' necesita tener una interfaz DLL para que la utilicen los clientes de class 'Renderer'
C:\Users\Leonardo\Desktop\2doParcial_LeonardoBrizuela\libs\glm\glm\fwd.hpp(420,10): message : vea la declaración de 'glm::vec<3,float,glm::packed_highp>'
C:\Users\Leonardo\Desktop\2doParcial_LeonardoBrizuela\GraphicsEngine\Renderer.cpp(167,33): warning C4101: 'e': variable local sin referencia
  Shape.cpp
C:\Users\Leonardo\Desktop\2doParcial_LeonardoBrizuela\GraphicsEngine\renderer.h(42,12): warning C4251: 'Renderer::projection': struct 'glm::mat<4,4,glm::f32,glm::packed_highp>' necesita tener una interfaz DLL para que la utilicen los clientes de class 'Renderer'
C:\Users\Leonardo\Desktop\2doParcial_LeonardoBrizuela\libs\glm\glm\fwd.hpp(520,10): message : vea la declaración de 'glm::mat<4,4,glm::f32,glm::packed_highp>'
C:\Users\Leonardo\Desktop\2doParcial_LeonardoBrizuela\GraphicsEngine\renderer.h(43,12): warning C4251: 'Renderer::view': struct 'glm::mat<4,4,glm::f32,glm::packed_highp>' necesita tener una interfaz DLL para que la utilicen los clientes de class 'Renderer'
C:\Users\Leonardo\Desktop\2doParcial_LeonardoBrizuela\libs\glm\glm\fwd.hpp(520,10): message : vea la declaración de 'glm::mat<4,4,glm::f32,glm::packed_highp>'
C:\Users\Leonardo\Desktop\2doParcial_LeonardoBrizuela\GraphicsEngine\renderer.h(44,12): warning C4251: 'Renderer::cameraPos': struct 'glm::vec<3,float,glm::packed_highp>' necesita tener una interfaz DLL para que la utilicen los clientes de class 'Renderer'
C:\Users\Leonardo\Desktop\2doParcial_LeonardoBrizuela\libs\glm\glm\fwd.hpp(420,10): message : vea la declaración de 'glm::vec<3,float,glm::packed_highp>'
C:\Users\Leonardo\Desktop\2doParcial_LeonardoBrizuela\GraphicsEngine\renderer.h(45,12): warning C4251: 'Renderer::cameraFront': struct 'glm::vec<3,float,glm::packed_highp>' necesita tener una interfaz DLL para que la utilicen los clientes de class 'Renderer'
C:\Users\Leonardo\Desktop\2doParcial_LeonardoBrizuela\libs\glm\glm\fwd.hpp(420,10): message : vea la declaración de 'glm::vec<3,float,glm::packed_highp>'
C:\Users\Leonardo\Desktop\2doParcial_LeonardoBrizuela\GraphicsEngine\renderer.h(46,12): warning C4251: 'Renderer::cameraUp': struct 'glm::vec<3,float,glm::packed_highp>' necesita tener una interfaz DLL para que la utilicen los clientes de class 'Renderer'
C:\Users\Leonardo\Desktop\2doParcial_LeonardoBrizuela\libs\glm\glm\fwd.hpp(420,10): message : vea la declaración de 'glm::vec<3,float,glm::packed_highp>'
C:\Users\Leonardo\Desktop\2doParcial_LeonardoBrizuela\GraphicsEngine\Entity.h(15,12): warning C4251: 'Entity::model': struct 'glm::mat<4,4,glm::f32,glm::packed_highp>' necesita tener una interfaz DLL para que la utilicen los clientes de class 'Entity'
C:\Users\Leonardo\Desktop\2doParcial_LeonardoBrizuela\libs\glm\glm\fwd.hpp(520,10): message : vea la declaración de 'glm::mat<4,4,glm::f32,glm::packed_highp>'
C:\Users\Leonardo\Desktop\2doParcial_LeonardoBrizuela\GraphicsEngine\Entity.h(16,12): warning C4251: 'Entity::translate': struct 'glm::mat<4,4,glm::f32,glm::packed_highp>' necesita tener una interfaz DLL para que la utilicen los clientes de class 'Entity'
C:\Users\Leonardo\Desktop\2doParcial_LeonardoBrizuela\libs\glm\glm\fwd.hpp(520,10): message : vea la declaración de 'glm::mat<4,4,glm::f32,glm::packed_highp>'
C:\Users\Leonardo\Desktop\2doParcial_LeonardoBrizuela\GraphicsEngine\Entity.h(17,12): warning C4251: 'Entity::rotateX': struct 'glm::mat<4,4,glm::f32,glm::packed_highp>' necesita tener una interfaz DLL para que la utilicen los clientes de class 'Entity'
C:\Users\Leonardo\Desktop\2doParcial_LeonardoBrizuela\libs\glm\glm\fwd.hpp(520,10): message : vea la declaración de 'glm::mat<4,4,glm::f32,glm::packed_highp>'
C:\Users\Leonardo\Desktop\2doParcial_LeonardoBrizuela\GraphicsEngine\Entity.h(18,12): warning C4251: 'Entity::rotateY': struct 'glm::mat<4,4,glm::f32,glm::packed_highp>' necesita tener una interfaz DLL para que la utilicen los clientes de class 'Entity'
C:\Users\Leonardo\Desktop\2doParcial_LeonardoBrizuela\libs\glm\glm\fwd.hpp(520,10): message : vea la declaración de 'glm::mat<4,4,glm::f32,glm::packed_highp>'
C:\Users\Leonardo\Desktop\2doParcial_LeonardoBrizuela\GraphicsEngine\Entity.h(19,12): warning C4251: 'Entity::rotateZ': struct 'glm::mat<4,4,glm::f32,glm::packed_highp>' necesita tener una interfaz DLL para que la utilicen los clientes de class 'Entity'
C:\Users\Leonardo\Desktop\2doParcial_LeonardoBrizuela\libs\glm\glm\fwd.hpp(520,10): message : vea la declaración de 'glm::mat<4,4,glm::f32,glm::packed_highp>'
C:\Users\Leonardo\Desktop\2doParcial_LeonardoBrizuela\GraphicsEngine\Entity.h(20,12): warning C4251: 'Entity::scale': struct 'glm::mat<4,4,glm::f32,glm::packed_highp>' necesita tener una interfaz DLL para que la utilicen los clientes de class 'Entity'
C:\Users\Leonardo\Desktop\2doParcial_LeonardoBrizuela\libs\glm\glm\fwd.hpp(520,10): message : vea la declaración de 'glm::mat<4,4,glm::f32,glm::packed_highp>'
C:\Users\Leonardo\Desktop\2doParcial_LeonardoBrizuela\GraphicsEngine\Entity.h(22,12): warning C4251: 'Entity::position': struct 'glm::vec<3,float,glm::packed_highp>' necesita tener una interfaz DLL para que la utilicen los clientes de class 'Entity'
C:\Users\Leonardo\Desktop\2doParcial_LeonardoBrizuela\libs\glm\glm\fwd.hpp(420,10): message : vea la declaración de 'glm::vec<3,float,glm::packed_highp>'
C:\Users\Leonardo\Desktop\2doParcial_LeonardoBrizuela\GraphicsEngine\Entity.h(23,12): warning C4251: 'Entity::rotation': struct 'glm::vec<3,float,glm::packed_highp>' necesita tener una interfaz DLL para que la utilicen los clientes de class 'Entity'
C:\Users\Leonardo\Desktop\2doParcial_LeonardoBrizuela\libs\glm\glm\fwd.hpp(420,10): message : vea la declaración de 'glm::vec<3,float,glm::packed_highp>'
C:\Users\Leonardo\Desktop\2doParcial_LeonardoBrizuela\GraphicsEngine\Entity.h(24,12): warning C4251: 'Entity::localScale': struct 'glm::vec<3,float,glm::packed_highp>' necesita tener una interfaz DLL para que la utilicen los clientes de class 'Entity'
C:\Users\Leonardo\Desktop\2doParcial_LeonardoBrizuela\libs\glm\glm\fwd.hpp(420,10): message : vea la declaración de 'glm::vec<3,float,glm::packed_highp>'
C:\Users\Leonardo\Desktop\2doParcial_LeonardoBrizuela\GraphicsEngine\Entity.h(26,12): warning C4251: 'Entity::lastPosition': struct 'glm::vec<3,float,glm::packed_highp>' necesita tener una interfaz DLL para que la utilicen los clientes de class 'Entity'
C:\Users\Leonardo\Desktop\2doParcial_LeonardoBrizuela\libs\glm\glm\fwd.hpp(420,10): message : vea la declaración de 'glm::vec<3,float,glm::packed_highp>'
  Sprite.cpp
C:\Users\Leonardo\Desktop\2doParcial_LeonardoBrizuela\GraphicsEngine\renderer.h(42,12): warning C4251: 'Renderer::projection': struct 'glm::mat<4,4,glm::f32,glm::packed_highp>' necesita tener una interfaz DLL para que la utilicen los clientes de class 'Renderer'
C:\Users\Leonardo\Desktop\2doParcial_LeonardoBrizuela\libs\glm\glm\fwd.hpp(520,10): message : vea la declaración de 'glm::mat<4,4,glm::f32,glm::packed_highp>'
C:\Users\Leonardo\Desktop\2doParcial_LeonardoBrizuela\GraphicsEngine\renderer.h(43,12): warning C4251: 'Renderer::view': struct 'glm::mat<4,4,glm::f32,glm::packed_highp>' necesita tener una interfaz DLL para que la utilicen los clientes de class 'Renderer'
C:\Users\Leonardo\Desktop\2doParcial_LeonardoBrizuela\libs\glm\glm\fwd.hpp(520,10): message : vea la declaración de 'glm::mat<4,4,glm::f32,glm::packed_highp>'
C:\Users\Leonardo\Desktop\2doParcial_LeonardoBrizuela\GraphicsEngine\renderer.h(44,12): warning C4251: 'Renderer::cameraPos': struct 'glm::vec<3,float,glm::packed_highp>' necesita tener una interfaz DLL para que la utilicen los clientes de class 'Renderer'
C:\Users\Leonardo\Desktop\2doParcial_LeonardoBrizuela\libs\glm\glm\fwd.hpp(420,10): message : vea la declaración de 'glm::vec<3,float,glm::packed_highp>'
C:\Users\Leonardo\Desktop\2doParcial_LeonardoBrizuela\GraphicsEngine\renderer.h(45,12): warning C4251: 'Renderer::cameraFront': struct 'glm::vec<3,float,glm::packed_highp>' necesita tener una interfaz DLL para que la utilicen los clientes de class 'Renderer'
C:\Users\Leonardo\Desktop\2doParcial_LeonardoBrizuela\libs\glm\glm\fwd.hpp(420,10): message : vea la declaración de 'glm::vec<3,float,glm::packed_highp>'
C:\Users\Leonardo\Desktop\2doParcial_LeonardoBrizuela\GraphicsEngine\renderer.h(46,12): warning C4251: 'Renderer::cameraUp': struct 'glm::vec<3,float,glm::packed_highp>' necesita tener una interfaz DLL para que la utilicen los clientes de class 'Renderer'
C:\Users\Leonardo\Desktop\2doParcial_LeonardoBrizuela\libs\glm\glm\fwd.hpp(420,10): message : vea la declaración de 'glm::vec<3,float,glm::packed_highp>'
C:\Users\Leonardo\Desktop\2doParcial_LeonardoBrizuela\GraphicsEngine\Entity.h(15,12): warning C4251: 'Entity::model': struct 'glm::mat<4,4,glm::f32,glm::packed_highp>' necesita tener una interfaz DLL para que la utilicen los clientes de class 'Entity'
C:\Users\Leonardo\Desktop\2doParcial_LeonardoBrizuela\libs\glm\glm\fwd.hpp(520,10): message : vea la declaración de 'glm::mat<4,4,glm::f32,glm::packed_highp>'
C:\Users\Leonardo\Desktop\2doParcial_LeonardoBrizuela\GraphicsEngine\Entity.h(16,12): warning C4251: 'Entity::translate': struct 'glm::mat<4,4,glm::f32,glm::packed_highp>' necesita tener una interfaz DLL para que la utilicen los clientes de class 'Entity'
C:\Users\Leonardo\Desktop\2doParcial_LeonardoBrizuela\libs\glm\glm\fwd.hpp(520,10): message : vea la declaración de 'glm::mat<4,4,glm::f32,glm::packed_highp>'
C:\Users\Leonardo\Desktop\2doParcial_LeonardoBrizuela\GraphicsEngine\Entity.h(17,12): warning C4251: 'Entity::rotateX': struct 'glm::mat<4,4,glm::f32,glm::packed_highp>' necesita tener una interfaz DLL para que la utilicen los clientes de class 'Entity'
C:\Users\Leonardo\Desktop\2doParcial_LeonardoBrizuela\libs\glm\glm\fwd.hpp(520,10): message : vea la declaración de 'glm::mat<4,4,glm::f32,glm::packed_highp>'
C:\Users\Leonardo\Desktop\2doParcial_LeonardoBrizuela\GraphicsEngine\Entity.h(18,12): warning C4251: 'Entity::rotateY': struct 'glm::mat<4,4,glm::f32,glm::packed_highp>' necesita tener una interfaz DLL para que la utilicen los clientes de class 'Entity'
C:\Users\Leonardo\Desktop\2doParcial_LeonardoBrizuela\libs\glm\glm\fwd.hpp(520,10): message : vea la declaración de 'glm::mat<4,4,glm::f32,glm::packed_highp>'
C:\Users\Leonardo\Desktop\2doParcial_LeonardoBrizuela\GraphicsEngine\Entity.h(19,12): warning C4251: 'Entity::rotateZ': struct 'glm::mat<4,4,glm::f32,glm::packed_highp>' necesita tener una interfaz DLL para que la utilicen los clientes de class 'Entity'
C:\Users\Leonardo\Desktop\2doParcial_LeonardoBrizuela\libs\glm\glm\fwd.hpp(520,10): message : vea la declaración de 'glm::mat<4,4,glm::f32,glm::packed_highp>'
C:\Users\Leonardo\Desktop\2doParcial_LeonardoBrizuela\GraphicsEngine\Entity.h(20,12): warning C4251: 'Entity::scale': struct 'glm::mat<4,4,glm::f32,glm::packed_highp>' necesita tener una interfaz DLL para que la utilicen los clientes de class 'Entity'
C:\Users\Leonardo\Desktop\2doParcial_LeonardoBrizuela\libs\glm\glm\fwd.hpp(520,10): message : vea la declaración de 'glm::mat<4,4,glm::f32,glm::packed_highp>'
C:\Users\Leonardo\Desktop\2doParcial_LeonardoBrizuela\GraphicsEngine\Entity.h(22,12): warning C4251: 'Entity::position': struct 'glm::vec<3,float,glm::packed_highp>' necesita tener una interfaz DLL para que la utilicen los clientes de class 'Entity'
C:\Users\Leonardo\Desktop\2doParcial_LeonardoBrizuela\libs\glm\glm\fwd.hpp(420,10): message : vea la declaración de 'glm::vec<3,float,glm::packed_highp>'
C:\Users\Leonardo\Desktop\2doParcial_LeonardoBrizuela\GraphicsEngine\Entity.h(23,12): warning C4251: 'Entity::rotation': struct 'glm::vec<3,float,glm::packed_highp>' necesita tener una interfaz DLL para que la utilicen los clientes de class 'Entity'
C:\Users\Leonardo\Desktop\2doParcial_LeonardoBrizuela\libs\glm\glm\fwd.hpp(420,10): message : vea la declaración de 'glm::vec<3,float,glm::packed_highp>'
C:\Users\Leonardo\Desktop\2doParcial_LeonardoBrizuela\GraphicsEngine\Entity.h(24,12): warning C4251: 'Entity::localScale': struct 'glm::vec<3,float,glm::packed_highp>' necesita tener una interfaz DLL para que la utilicen los clientes de class 'Entity'
C:\Users\Leonardo\Desktop\2doParcial_LeonardoBrizuela\libs\glm\glm\fwd.hpp(420,10): message : vea la declaración de 'glm::vec<3,float,glm::packed_highp>'
C:\Users\Leonardo\Desktop\2doParcial_LeonardoBrizuela\GraphicsEngine\Entity.h(26,12): warning C4251: 'Entity::lastPosition': struct 'glm::vec<3,float,glm::packed_highp>' necesita tener una interfaz DLL para que la utilicen los clientes de class 'Entity'
C:\Users\Leonardo\Desktop\2doParcial_LeonardoBrizuela\libs\glm\glm\fwd.hpp(420,10): message : vea la declaración de 'glm::vec<3,float,glm::packed_highp>'
C:\Users\Leonardo\Desktop\2doParcial_LeonardoBrizuela\GraphicsEngine\Animation.h(16,21): warning C4251: 'Animation::myFrames': class 'std::vector<Frame,std::allocator<Frame>>' necesita tener una interfaz DLL para que la utilicen los clientes de class 'Animation'
C:\Users\Leonardo\Desktop\2doParcial_LeonardoBrizuela\GraphicsEngine\Animation.h(16,7): message : vea la declaración de 'std::vector<Frame,std::allocator<Frame>>'
  TextureImporter.cpp
  Utility.cpp
C:\Users\Leonardo\Desktop\2doParcial_LeonardoBrizuela\GraphicsEngine\Utility.cpp(9,21): warning C4244: 'inicializando': conversión de 'double' a 'float'; posible pérdida de datos
  Window.cpp
  Generando código...
     Creando biblioteca C:\Users\Leonardo\Desktop\2doParcial_LeonardoBrizuela\bin\Win32\Debug\GraphicsEngine.lib y objeto C:\Users\Leonardo\Desktop\2doParcial_LeonardoBrizuela\bin\Win32\Debug\GraphicsEngine.exp
LINK : warning LNK4098: la biblioteca predeterminada'MSVCRT' entra en conflicto con otras bibliotecas; use la biblioteca /NODEFAULTLIB:biblioteca
LINK : warning LNK4098: la biblioteca predeterminada'LIBCMT' entra en conflicto con otras bibliotecas; use la biblioteca /NODEFAULTLIB:biblioteca
glew32s.lib(glew.obj) : warning LNK4099: no se encontró PDB '' con 'glew32s.lib(glew.obj)' o en ''; se vinculará el objeto sin tener en cuenta información de depuración
  GraphicsEngine.vcxproj -> C:\Users\Leonardo\Desktop\2doParcial_LeonardoBrizuela\bin\Win32\Debug\GraphicsEngine.dll
