  Animation.cpp
C:\Users\Aula 1\Desktop\Desarrollo_1_Engine1\GraphicsEngine\Animation.h(16,21): warning C4251: 'Animation::myFrames': class 'std::vector<Frame,std::allocator<Frame>>' necesita tener una interfaz DLL para que la utilicen los clientes de class 'Animation'
  (compilando archivo de origen "Animation.cpp")
  C:\Program Files\Microsoft Visual Studio\2022\Community\VC\Tools\MSVC\14.39.33519\include\vector(436,7):
  vea la declaración de 'std::vector<Frame,std::allocator<Frame>>'
  
  BaseGame.cpp
  Entity.cpp
C:\Users\Aula 1\Desktop\Desarrollo_1_Engine1\GraphicsEngine\renderer.h(4,10): error C1083: No se puede abrir el archivo incluir: 'glm.hpp': No such file or directory
  (compilando archivo de origen "BaseGame.cpp")
  
C:\Users\Aula 1\Desktop\Desarrollo_1_Engine1\GraphicsEngine\renderer.h(4,10): error C1083: No se puede abrir el archivo incluir: 'glm.hpp': No such file or directory
  (compilando archivo de origen "Entity.cpp")
  
  Entity2D.cpp
C:\Users\Aula 1\Desktop\Desarrollo_1_Engine1\GraphicsEngine\renderer.h(4,10): error C1083: No se puede abrir el archivo incluir: 'glm.hpp': No such file or directory
  (compilando archivo de origen "Entity2D.cpp")
  
  Frame.cpp
  Input.cpp
C:\Users\Aula 1\Desktop\Desarrollo_1_Engine1\GraphicsEngine\Keycode.h(21,1): warning C4005: 'KEYCODE_H': redefinición de macro
  (compilando archivo de origen "Input.cpp")
  C:\Users\Aula 1\Desktop\Desarrollo_1_Engine1\GraphicsEngine\Keycode.h(2,1):
  vea la definición anterior de 'KEYCODE_H'
  
C:\Users\Aula 1\Desktop\Desarrollo_1_Engine1\GraphicsEngine\Input.cpp(2,10): error C1083: No se puede abrir el archivo incluir: 'GLFW/glfw3.h': No such file or directory
  Renderer.cpp
C:\Users\Aula 1\Desktop\Desarrollo_1_Engine1\GraphicsEngine\renderer.h(4,10): error C1083: No se puede abrir el archivo incluir: 'glm.hpp': No such file or directory
  (compilando archivo de origen "Renderer.cpp")
  
  Shape.cpp
C:\Users\Aula 1\Desktop\Desarrollo_1_Engine1\GraphicsEngine\renderer.h(4,10): error C1083: No se puede abrir el archivo incluir: 'glm.hpp': No such file or directory
  (compilando archivo de origen "Shape.cpp")
  
  Sprite.cpp
C:\Users\Aula 1\Desktop\Desarrollo_1_Engine1\GraphicsEngine\renderer.h(4,10): error C1083: No se puede abrir el archivo incluir: 'glm.hpp': No such file or directory
  (compilando archivo de origen "Sprite.cpp")
  
  TextureImporter.cpp
C:\Users\Aula 1\Desktop\Desarrollo_1_Engine1\GraphicsEngine\TextureImporter.cpp(2,10): error C1083: No se puede abrir el archivo incluir: 'GL/glew.h': No such file or directory
  Utility.cpp
C:\Users\Aula 1\Desktop\Desarrollo_1_Engine1\GraphicsEngine\Utility.cpp(2,10): error C1083: No se puede abrir el archivo incluir: 'GL/glew.h': No such file or directory
  Window.cpp
C:\Users\Aula 1\Desktop\Desarrollo_1_Engine1\GraphicsEngine\Window.cpp(2,10): error C1083: No se puede abrir el archivo incluir: 'GL/glew.h': No such file or directory
  Generando código...
